0 info it worked if it ends with ok
1 verbose cli [ '/usr/local/bin/node',
1 verbose cli   '/usr/local/lib/node_modules/npm/bin/npm-cli.js',
1 verbose cli   'run-script',
1 verbose cli   'delete' ]
2 info using npm@3.10.2
3 info using node@v6.2.2
4 verbose run-script [ 'predelete', 'delete', 'postdelete' ]
5 info lifecycle x-songtao@0.0.1~predelete: x-songtao@0.0.1
6 silly lifecycle x-songtao@0.0.1~predelete: no script for predelete, continuing
7 info lifecycle x-songtao@0.0.1~delete: x-songtao@0.0.1
8 verbose lifecycle x-songtao@0.0.1~delete: unsafe-perm in lifecycle true
9 verbose lifecycle x-songtao@0.0.1~delete: PATH: /usr/local/lib/node_modules/npm/bin/node-gyp-bin:/Users/xiangsongtao/我的ST项目/My Blog/X-SONGTAO/node_modules/.bin:/usr/local/bin:/Users/xiangsongtao/.node/bin:/usr/local/bin:/usr/bin:/bin:/usr/sbin:/sbin
10 verbose lifecycle x-songtao@0.0.1~delete: CWD: /Users/xiangsongtao/我的ST项目/My Blog/X-SONGTAO
11 silly lifecycle x-songtao@0.0.1~delete: Args: [ '-c', 'pm2 delete all' ]
12 silly lifecycle x-songtao@0.0.1~delete: Returned: code: 1  signal: null
13 info lifecycle x-songtao@0.0.1~delete: Failed to exec delete script
14 verbose stack Error: x-songtao@0.0.1 delete: `pm2 delete all`
14 verbose stack Exit status 1
14 verbose stack     at EventEmitter.<anonymous> (/usr/local/lib/node_modules/npm/lib/utils/lifecycle.js:242:16)
14 verbose stack     at emitTwo (events.js:106:13)
14 verbose stack     at EventEmitter.emit (events.js:191:7)
14 verbose stack     at ChildProcess.<anonymous> (/usr/local/lib/node_modules/npm/lib/utils/spawn.js:40:14)
14 verbose stack     at emitTwo (events.js:106:13)
14 verbose stack     at ChildProcess.emit (events.js:191:7)
14 verbose stack     at maybeClose (internal/child_process.js:852:16)
14 verbose stack     at Process.ChildProcess._handle.onexit (internal/child_process.js:215:5)
15 verbose pkgid x-songtao@0.0.1
16 verbose cwd /Users/xiangsongtao/我的ST项目/My Blog/X-SONGTAO
17 error Darwin 15.5.0
18 error argv "/usr/local/bin/node" "/usr/local/lib/node_modules/npm/bin/npm-cli.js" "run-script" "delete"
19 error node v6.2.2
20 error npm  v3.10.2
21 error code ELIFECYCLE
22 error x-songtao@0.0.1 delete: `pm2 delete all`
22 error Exit status 1
23 error Failed at the x-songtao@0.0.1 delete script 'pm2 delete all'.
23 error Make sure you have the latest version of node.js and npm installed.
23 error If you do, this is most likely a problem with the x-songtao package,
23 error not with npm itself.
23 error Tell the author that this fails on your system:
23 error     pm2 delete all
23 error You can get information on how to open an issue for this project with:
23 error     npm bugs x-songtao
23 error Or if that isn't available, you can get their info via:
23 error     npm owner ls x-songtao
23 error There is likely additional logging output above.
24 verbose exit [ 1, true ]
